SF:lib\modules\anime_list\domain\usecases\get_anime_list.dart
DA:11,2
DA:14,2
DA:15,6
LF:3
LH:3
end_of_record
SF:lib\modules\anime_list\infra\models\anime_model.dart
DA:8,1
DA:13,1
DA:14,1
DA:15,1
DA:16,1
LF:5
LH:5
end_of_record
SF:lib\modules\anime_list\domain\entities\anime.dart
DA:4,1
LF:1
LH:1
end_of_record
SF:lib\modules\anime_list\domain\entities\fact.dart
DA:3,1
LF:1
LH:1
end_of_record
SF:lib\modules\anime_list\domain\usecases\get_fact_list.dart
DA:11,2
DA:14,2
DA:15,6
LF:3
LH:3
end_of_record
SF:lib\modules\anime_list\infra\models\fact_model.dart
DA:9,1
DA:13,0
DA:14,0
DA:15,0
DA:19,1
DA:20,1
DA:21,1
DA:25,0
DA:27,0
DA:28,0
LF:10
LH:4
end_of_record
SF:lib\modules\anime_list\external\datasources\anime_datasource_i.dart
DA:11,1
DA:14,1
DA:15,3
DA:18,1
DA:19,1
DA:21,1
DA:23,2
DA:24,1
DA:25,1
DA:28,0
DA:29,0
DA:31,0
DA:36,1
DA:37,4
DA:40,1
DA:41,1
DA:43,1
DA:45,2
DA:46,1
DA:47,1
DA:50,0
DA:51,0
DA:53,0
LF:23
LH:17
end_of_record
SF:lib\modules\anime_list\infra\repositories\anime_repository_i.dart
DA:8,1
DA:11,1
DA:12,3
DA:17,1
DA:18,3
LF:5
LH:5
end_of_record
SF:lib\modules\anime_list\presenter\bloc\anime_bloc.dart
DA:8,1
DA:9,2
DA:10,2
DA:11,2
DA:17,1
DA:18,2
DA:20,3
DA:21,2
DA:23,0
DA:27,1
DA:28,2
DA:29,1
DA:31,4
DA:32,2
DA:34,0
LF:15
LH:13
end_of_record
SF:lib\modules\anime_list\presenter\bloc\events\anime_event.dart
DA:8,1
LF:1
LH:1
end_of_record
SF:lib\modules\anime_list\presenter\bloc\states\anime_state.dart
DA:11,1
DA:17,1
DA:23,1
DA:29,1
LF:4
LH:4
end_of_record
SF:lib\modules\anime_list\presenter\cubit\anime_cubit.dart
DA:7,1
DA:8,2
DA:13,1
DA:14,2
DA:16,3
DA:17,2
DA:19,0
DA:23,1
DA:24,2
DA:26,3
DA:27,2
DA:28,2
DA:29,1
DA:30,4
LF:14
LH:13
end_of_record
