SF:lib\modules\anime_list\domain\usecases\get_anime_list.dart
DA:11,2
DA:14,2
DA:15,6
LF:3
LH:3
end_of_record
SF:lib\modules\anime_list\infra\models\anime_model.dart
DA:10,1
DA:15,1
DA:16,1
DA:17,1
DA:18,1
LF:5
LH:5
end_of_record
SF:lib\modules\anime_list\domain\entities\anime.dart
DA:4,2
LF:1
LH:1
end_of_record
SF:lib\modules\anime_list\domain\entities\fact.dart
DA:3,1
LF:1
LH:1
end_of_record
SF:lib\modules\anime_list\domain\usecases\get_fact_list.dart
DA:11,2
DA:14,2
DA:15,6
LF:3
LH:3
end_of_record
SF:lib\modules\anime_list\infra\models\fact_model.dart
DA:9,1
DA:13,1
DA:14,1
DA:15,1
LF:4
LH:4
end_of_record
SF:lib\modules\anime_list\external\datasources\anime_datasource_i.dart
DA:11,1
DA:14,1
DA:15,3
DA:17,3
DA:19,1
DA:20,1
DA:22,1
DA:24,2
DA:25,1
DA:26,1
DA:29,1
DA:30,2
DA:35,1
DA:36,4
DA:39,2
DA:41,1
DA:42,1
DA:44,1
DA:46,2
DA:47,1
DA:48,1
DA:51,1
DA:52,2
LF:23
LH:23
end_of_record
SF:lib\modules\anime_list\infra\repositories\anime_repository_i.dart
DA:8,1
DA:11,1
DA:12,3
DA:17,1
DA:18,3
LF:5
LH:5
end_of_record
SF:lib\modules\anime_list\presenter\bloc\anime_bloc.dart
DA:8,1
DA:9,2
DA:10,2
DA:11,2
DA:17,1
DA:18,2
DA:20,3
DA:21,2
DA:22,2
DA:23,1
DA:24,3
DA:28,1
DA:29,2
DA:30,1
DA:32,4
DA:33,2
DA:35,3
LF:17
LH:17
end_of_record
SF:lib\modules\anime_list\presenter\bloc\events\anime_event.dart
DA:8,1
LF:1
LH:1
end_of_record
SF:lib\modules\anime_list\presenter\bloc\states\anime_state.dart
DA:11,1
DA:17,1
DA:23,1
DA:29,1
LF:4
LH:4
end_of_record
SF:lib\modules\anime_list\presenter\cubit\anime_cubit.dart
DA:7,1
DA:8,2
DA:13,1
DA:14,2
DA:16,3
DA:17,2
DA:18,2
DA:19,1
DA:20,3
DA:24,1
DA:25,2
DA:27,3
DA:28,2
DA:29,2
DA:30,1
DA:31,4
LF:16
LH:16
end_of_record
